app/build/intermediates/manifest_merge_blame_file/debug/processDebugMainManifest/manifest-merger-blame-debug-report.txt
1<?xml version="1.0" encoding="utf-8"?>
2<manifest xmlns:android="http://schemas.android.com/apk/res/android"
3    package="com.offlinepayment"
4    android:versionCode="1"
5    android:versionName="1.0" >
6
7    <uses-sdk
8        android:minSdkVersion="24"
9        android:targetSdkVersion="34" />
10
11    <uses-permission android:name="android.permission.INTERNET" />
11-->src\main\AndroidManifest.xml:3:2-64
11-->src\main\AndroidManifest.xml:3:19-61
12    <uses-permission android:name="android.permission.ACCESS_NETWORK_STATE" />
12-->src\main\AndroidManifest.xml:4:2-76
12-->src\main\AndroidManifest.xml:4:19-73
13    <uses-permission android:name="android.permission.ACCESS_WIFI_STATE" />
13-->src\main\AndroidManifest.xml:5:2-73
13-->src\main\AndroidManifest.xml:5:19-70
14    <uses-permission android:name="android.permission.USE_BIOMETRIC" /> <!-- suppress DeprecatedClassUsageInspection -->
14-->[androidx.biometric:biometric:1.1.0] AndroidManifest.xml:24:5-72
14-->[androidx.biometric:biometric:1.1.0] AndroidManifest.xml:24:22-69
15    <uses-permission android:name="android.permission.USE_FINGERPRINT" />
15-->[androidx.biometric:biometric:1.1.0] AndroidManifest.xml:27:5-74
15-->[androidx.biometric:biometric:1.1.0] AndroidManifest.xml:27:22-71
16
17    <permission
17-->[androidx.core:core:1.13.1] AndroidManifest.xml:22:5-24:47
18        android:name="com.offlinepayment.DYNAMIC_RECEIVER_NOT_EXPORTED_PERMISSION"
18-->[androidx.core:core:1.13.1] AndroidManifest.xml:23:9-81
19        android:protectionLevel="signature" />
19-->[androidx.core:core:1.13.1] AndroidManifest.xml:24:9-44
20
21    <uses-permission android:name="com.offlinepayment.DYNAMIC_RECEIVER_NOT_EXPORTED_PERMISSION" />
21-->[androidx.core:core:1.13.1] AndroidManifest.xml:26:5-97
21-->[androidx.core:core:1.13.1] AndroidManifest.xml:26:22-94
22
23    <application
23-->src\main\AndroidManifest.xml:6:2-22:16
24        android:name="com.offlinepayment.OfflinePaymentApp"
24-->src\main\AndroidManifest.xml:7:3-36
25        android:allowBackup="true"
25-->src\main\AndroidManifest.xml:8:3-29
26        android:appComponentFactory="androidx.core.app.CoreComponentFactory"
26-->[androidx.core:core:1.13.1] AndroidManifest.xml:28:18-86
27        android:debuggable="true"
28        android:extractNativeLibs="false"
29        android:icon="@mipmap/ic_launcher"
29-->src\main\AndroidManifest.xml:9:3-37
30        android:label="@string/app_name"
30-->src\main\AndroidManifest.xml:10:3-35
31        android:roundIcon="@mipmap/ic_launcher_round"
31-->src\main\AndroidManifest.xml:11:3-48
32        android:supportsRtl="true"
32-->src\main\AndroidManifest.xml:12:3-29
33        android:testOnly="true"
34        android:theme="@style/Theme.OfflinePayment" >
34-->src\main\AndroidManifest.xml:13:3-46
35        <activity
35-->src\main\AndroidManifest.xml:14:3-21:14
36            android:name="com.offlinepayment.MainActivity"
36-->src\main\AndroidManifest.xml:15:4-32
37            android:exported="true" >
37-->src\main\AndroidManifest.xml:16:4-27
38            <intent-filter>
38-->src\main\AndroidManifest.xml:17:4-20:20
39                <action android:name="android.intent.action.MAIN" />
39-->src\main\AndroidManifest.xml:18:5-57
39-->src\main\AndroidManifest.xml:18:13-54
40
41                <category android:name="android.intent.category.LAUNCHER" />
41-->src\main\AndroidManifest.xml:19:5-65
41-->src\main\AndroidManifest.xml:19:15-62
42            </intent-filter>
43        </activity>
44        <activity
44-->[androidx.compose.ui:ui-tooling-android:1.7.1] AndroidManifest.xml:23:9-25:39
45            android:name="androidx.compose.ui.tooling.PreviewActivity"
45-->[androidx.compose.ui:ui-tooling-android:1.7.1] AndroidManifest.xml:24:13-71
46            android:exported="true" />
46-->[androidx.compose.ui:ui-tooling-android:1.7.1] AndroidManifest.xml:25:13-36
47        <activity
47-->[androidx.compose.ui:ui-test-manifest:1.7.1] AndroidManifest.xml:23:9-25:39
48            android:name="androidx.activity.ComponentActivity"
48-->[androidx.compose.ui:ui-test-manifest:1.7.1] AndroidManifest.xml:24:13-63
49            android:exported="true" />
49-->[androidx.compose.ui:ui-test-manifest:1.7.1] AndroidManifest.xml:25:13-36
50
51        <provider
51-->[androidx.emoji2:emoji2:1.3.0] AndroidManifest.xml:24:9-32:20
52            android:name="androidx.startup.InitializationProvider"
52-->[androidx.emoji2:emoji2:1.3.0] AndroidManifest.xml:25:13-67
53            android:authorities="com.offlinepayment.androidx-startup"
53-->[androidx.emoji2:emoji2:1.3.0] AndroidManifest.xml:26:13-68
54            android:exported="false" >
54-->[androidx.emoji2:emoji2:1.3.0] AndroidManifest.xml:27:13-37
55            <meta-data
55-->[androidx.emoji2:emoji2:1.3.0] AndroidManifest.xml:29:13-31:52
56                android:name="androidx.emoji2.text.EmojiCompatInitializer"
56-->[androidx.emoji2:emoji2:1.3.0] AndroidManifest.xml:30:17-75
57                android:value="androidx.startup" />
57-->[androidx.emoji2:emoji2:1.3.0] AndroidManifest.xml:31:17-49
58            <meta-data
58-->[androidx.lifecycle:lifecycle-process:2.8.5] AndroidManifest.xml:29:13-31:52
59                android:name="androidx.lifecycle.ProcessLifecycleInitializer"
59-->[androidx.lifecycle:lifecycle-process:2.8.5] AndroidManifest.xml:30:17-78
60                android:value="androidx.startup" />
60-->[androidx.lifecycle:lifecycle-process:2.8.5] AndroidManifest.xml:31:17-49
61            <meta-data
61-->[androidx.profileinstaller:profileinstaller:1.3.1] AndroidManifest.xml:29:13-31:52
62                android:name="androidx.profileinstaller.ProfileInstallerInitializer"
62-->[androidx.profileinstaller:profileinstaller:1.3.1] AndroidManifest.xml:30:17-85
63                android:value="androidx.startup" />
63-->[androidx.profileinstaller:profileinstaller:1.3.1] AndroidManifest.xml:31:17-49
64        </provider>
65
66        <service
66-->[androidx.room:room-runtime:2.6.1] AndroidManifest.xml:24:9-28:63
67            android:name="androidx.room.MultiInstanceInvalidationService"
67-->[androidx.room:room-runtime:2.6.1] AndroidManifest.xml:25:13-74
68            android:directBootAware="true"
68-->[androidx.room:room-runtime:2.6.1] AndroidManifest.xml:26:13-43
69            android:exported="false" />
69-->[androidx.room:room-runtime:2.6.1] AndroidManifest.xml:27:13-37
70
71        <receiver
71-->[androidx.profileinstaller:profileinstaller:1.3.1] AndroidManifest.xml:34:9-52:20
72            android:name="androidx.profileinstaller.ProfileInstallReceiver"
72-->[androidx.profileinstaller:profileinstaller:1.3.1] AndroidManifest.xml:35:13-76
73            android:directBootAware="false"
73-->[androidx.profileinstaller:profileinstaller:1.3.1] AndroidManifest.xml:36:13-44
74            android:enabled="true"
74-->[androidx.profileinstaller:profileinstaller:1.3.1] AndroidManifest.xml:37:13-35
75            android:exported="true"
75-->[androidx.profileinstaller:profileinstaller:1.3.1] AndroidManifest.xml:38:13-36
76            android:permission="android.permission.DUMP" >
76-->[androidx.profileinstaller:profileinstaller:1.3.1] AndroidManifest.xml:39:13-57
77            <intent-filter>
77-->[androidx.profileinstaller:profileinstaller:1.3.1] AndroidManifest.xml:40:13-42:29
78                <action android:name="androidx.profileinstaller.action.INSTALL_PROFILE" />
78-->[androidx.profileinstaller:profileinstaller:1.3.1] AndroidManifest.xml:41:17-91
78-->[androidx.profileinstaller:profileinstaller:1.3.1] AndroidManifest.xml:41:25-88
79            </intent-filter>
80            <intent-filter>
80-->[androidx.profileinstaller:profileinstaller:1.3.1] AndroidManifest.xml:43:13-45:29
81                <action android:name="androidx.profileinstaller.action.SKIP_FILE" />
81-->[androidx.profileinstaller:profileinstaller:1.3.1] AndroidManifest.xml:44:17-85
81-->[androidx.profileinstaller:profileinstaller:1.3.1] AndroidManifest.xml:44:25-82
82            </intent-filter>
83            <intent-filter>
83-->[androidx.profileinstaller:profileinstaller:1.3.1] AndroidManifest.xml:46:13-48:29
84                <action android:name="androidx.profileinstaller.action.SAVE_PROFILE" />
84-->[androidx.profileinstaller:profileinstaller:1.3.1] AndroidManifest.xml:47:17-88
84-->[androidx.profileinstaller:profileinstaller:1.3.1] AndroidManifest.xml:47:25-85
85            </intent-filter>
86            <intent-filter>
86-->[androidx.profileinstaller:profileinstaller:1.3.1] AndroidManifest.xml:49:13-51:29
87                <action android:name="androidx.profileinstaller.action.BENCHMARK_OPERATION" />
87-->[androidx.profileinstaller:profileinstaller:1.3.1] AndroidManifest.xml:50:17-95
87-->[androidx.profileinstaller:profileinstaller:1.3.1] AndroidManifest.xml:50:25-92
88            </intent-filter>
89        </receiver>
90    </application>
91
92</manifest>